-------------------------------------------------------------------------------
Test set: com.nocrashairlines.service.FlightServiceTest
-------------------------------------------------------------------------------
Tests run: 5, Failures: 0, Errors: 4, Skipped: 0, Time elapsed: 0.004 s <<< FAILURE! -- in com.nocrashairlines.service.FlightServiceTest
com.nocrashairlines.service.FlightServiceTest.testSearchFlights -- Time elapsed: 0.001 s <<< ERROR!
java.lang.IllegalArgumentException: Flight number already exists
	at com.nocrashairlines.service.FlightService.addFlight(FlightService.java:83)
	at com.nocrashairlines.service.AdminService.addFlight(AdminService.java:37)
	at com.nocrashairlines.service.FlightServiceTest.setUp(FlightServiceTest.java:25)
	at java.base/java.lang.reflect.Method.invoke(Method.java:565)
	at java.base/java.util.ArrayList.forEach(ArrayList.java:1604)
	at java.base/java.util.ArrayList.forEach(ArrayList.java:1604)

com.nocrashairlines.service.FlightServiceTest.testSearchNonExistentRoute -- Time elapsed: 0.001 s <<< ERROR!
java.lang.IllegalArgumentException: Flight number already exists
	at com.nocrashairlines.service.FlightService.addFlight(FlightService.java:83)
	at com.nocrashairlines.service.AdminService.addFlight(AdminService.java:37)
	at com.nocrashairlines.service.FlightServiceTest.setUp(FlightServiceTest.java:25)
	at java.base/java.lang.reflect.Method.invoke(Method.java:565)
	at java.base/java.util.ArrayList.forEach(ArrayList.java:1604)
	at java.base/java.util.ArrayList.forEach(ArrayList.java:1604)

com.nocrashairlines.service.FlightServiceTest.testGetFlightById -- Time elapsed: 0 s <<< ERROR!
java.lang.IllegalArgumentException: Flight number already exists
	at com.nocrashairlines.service.FlightService.addFlight(FlightService.java:83)
	at com.nocrashairlines.service.AdminService.addFlight(AdminService.java:37)
	at com.nocrashairlines.service.FlightServiceTest.setUp(FlightServiceTest.java:25)
	at java.base/java.lang.reflect.Method.invoke(Method.java:565)
	at java.base/java.util.ArrayList.forEach(ArrayList.java:1604)
	at java.base/java.util.ArrayList.forEach(ArrayList.java:1604)

com.nocrashairlines.service.FlightServiceTest.testGetFlightByInvalidId -- Time elapsed: 0.001 s <<< ERROR!
java.lang.IllegalArgumentException: Flight number already exists
	at com.nocrashairlines.service.FlightService.addFlight(FlightService.java:83)
	at com.nocrashairlines.service.AdminService.addFlight(AdminService.java:37)
	at com.nocrashairlines.service.FlightServiceTest.setUp(FlightServiceTest.java:25)
	at java.base/java.lang.reflect.Method.invoke(Method.java:565)
	at java.base/java.util.ArrayList.forEach(ArrayList.java:1604)
	at java.base/java.util.ArrayList.forEach(ArrayList.java:1604)

