-------------------------------------------------------------------------------
Test set: com.nocrashairlines.service.BookingServiceTest
-------------------------------------------------------------------------------
Tests run: 5, Failures: 0, Errors: 4, Skipped: 0, Time elapsed: 0.005 s <<< FAILURE! -- in com.nocrashairlines.service.BookingServiceTest
com.nocrashairlines.service.BookingServiceTest.testGetBookingByInvalidId -- Time elapsed: 0 s <<< ERROR!
[AUTH_ERROR] AuthenticationException: Email already registered (timestamp: 1764201085124)
	at com.nocrashairlines.service.AuthenticationService.registerPassenger(AuthenticationService.java:41)
	at com.nocrashairlines.service.BookingServiceTest.setUp(BookingServiceTest.java:31)
	at java.base/java.lang.reflect.Method.invoke(Method.java:565)
	at java.base/java.util.ArrayList.forEach(ArrayList.java:1604)
	at java.base/java.util.ArrayList.forEach(ArrayList.java:1604)

com.nocrashairlines.service.BookingServiceTest.testCancelBooking -- Time elapsed: 0 s <<< ERROR!
[AUTH_ERROR] AuthenticationException: Email already registered (timestamp: 1764201085125)
	at com.nocrashairlines.service.AuthenticationService.registerPassenger(AuthenticationService.java:41)
	at com.nocrashairlines.service.BookingServiceTest.setUp(BookingServiceTest.java:31)
	at java.base/java.lang.reflect.Method.invoke(Method.java:565)
	at java.base/java.util.ArrayList.forEach(ArrayList.java:1604)
	at java.base/java.util.ArrayList.forEach(ArrayList.java:1604)

com.nocrashairlines.service.BookingServiceTest.testCreateBooking -- Time elapsed: 0.001 s <<< ERROR!
[AUTH_ERROR] AuthenticationException: Email already registered (timestamp: 1764201085125)
	at com.nocrashairlines.service.AuthenticationService.registerPassenger(AuthenticationService.java:41)
	at com.nocrashairlines.service.BookingServiceTest.setUp(BookingServiceTest.java:31)
	at java.base/java.lang.reflect.Method.invoke(Method.java:565)
	at java.base/java.util.ArrayList.forEach(ArrayList.java:1604)
	at java.base/java.util.ArrayList.forEach(ArrayList.java:1604)

com.nocrashairlines.service.BookingServiceTest.testCreateBookingInvalidFlight -- Time elapsed: 0 s <<< ERROR!
[AUTH_ERROR] AuthenticationException: Email already registered (timestamp: 1764201085126)
	at com.nocrashairlines.service.AuthenticationService.registerPassenger(AuthenticationService.java:41)
	at com.nocrashairlines.service.BookingServiceTest.setUp(BookingServiceTest.java:31)
	at java.base/java.lang.reflect.Method.invoke(Method.java:565)
	at java.base/java.util.ArrayList.forEach(ArrayList.java:1604)
	at java.base/java.util.ArrayList.forEach(ArrayList.java:1604)

