<?xml version="1.0" encoding="UTF-8"?>
<testsuite xmlns:xsi="http://www.w3.org/2001/XMLSchema-instance" xsi:noNamespaceSchemaLocation="https://maven.apache.org/surefire/maven-surefire-plugin/xsd/surefire-test-report-3.0.xsd" version="3.0" name="com.nocrashairlines.service.AdminServiceTest" time="0.012" tests="6" errors="0" skipped="0" failures="0">
  <properties>
[...]
</properties>
  <testcase name="testCancelFlight" classname="com.nocrashairlines.service.AdminServiceTest" time="0.0">
    <system-out><![CDATA[Setting up AdminService test...
Testing cancel flight...
✓ Cancel flight test passed!
]]></system-out>
  </testcase>
  <testcase name="testGeneratePassengerTrendsReport" classname="com.nocrashairlines.service.AdminServiceTest" time="0.003">
    <system-out><![CDATA[Setting up AdminService test...
Testing passenger trends report generation...
✓ Passenger trends report test passed!
]]></system-out>
  </testcase>
  <testcase name="testUpdateFlight" classname="com.nocrashairlines.service.AdminServiceTest" time="0.001">
    <system-out><![CDATA[Setting up AdminService test...
Testing update flight...
✓ Update flight test passed!
]]></system-out>
  </testcase>
  <testcase name="testGenerateDailySalesReport" classname="com.nocrashairlines.service.AdminServiceTest" time="0.002">
    <system-out><![CDATA[Setting up AdminService test...
Testing daily sales report generation...
✓ Daily sales report test passed!
]]></system-out>
  </testcase>
  <testcase name="testAddFlight" classname="com.nocrashairlines.service.AdminServiceTest" time="0.001">
    <system-out><![CDATA[Setting up AdminService test...
Testing add flight...
✓ Flight added: ff850288-6cd0-4b08-9411-09ec296e406f
✓ Add flight test passed!
]]></system-out>
  </testcase>
  <testcase name="testGenerateSystemStatisticsReport" classname="com.nocrashairlines.service.AdminServiceTest" time="0.004">
    <system-out><![CDATA[Setting up AdminService test...
Testing system statistics report generation...
✓ System statistics report test passed!
]]></system-out>
  </testcase>
</testsuite>