<?xml version="1.0" encoding="UTF-8"?>
<testsuite xmlns:xsi="http://www.w3.org/2001/XMLSchema-instance" xsi:noNamespaceSchemaLocation="https://maven.apache.org/surefire/maven-surefire-plugin/xsd/surefire-test-report-3.0.xsd" version="3.0" name="com.nocrashairlines.service.PaymentServiceTest" time="0.444" tests="5" errors="1" skipped="0" failures="0">
  <properties>
[...]
</properties>
  <testcase name="testProcessPaymentInvalidBooking" classname="com.nocrashairlines.service.PaymentServiceTest" time="0.003">
    <system-out><![CDATA[Setting up PaymentService test...
✓ Test data created: Booking BK-6924F9C5
Testing payment with invalid booking...
✓ Invalid booking payment test passed!
]]></system-out>
  </testcase>
  <testcase name="testProcessRefund" classname="com.nocrashairlines.service.PaymentServiceTest" time="0.111">
    <error message="Payment processing failed" type="[PAYMENT_FAILED] PaymentException"><![CDATA[[PAYMENT_FAILED] PaymentException: Payment processing failed (timestamp: 1764264593023)
	at com.nocrashairlines.service.PaymentService.processPayment(PaymentService.java:94)
	at com.nocrashairlines.service.PaymentServiceTest.testProcessRefund(PaymentServiceTest.java:158)
	at java.base/java.lang.reflect.Method.invoke(Method.java:565)
	at java.base/java.util.ArrayList.forEach(ArrayList.java:1604)
	at java.base/java.util.ArrayList.forEach(ArrayList.java:1604)
]]></error>
    <system-out><![CDATA[Setting up PaymentService test...
✓ Test data created: Booking BK-DD7ED650
Testing refund processing...
]]></system-out>
  </testcase>
  <testcase name="testProcessPaymentDebitCard" classname="com.nocrashairlines.service.PaymentServiceTest" time="0.106">
    <system-out><![CDATA[Setting up PaymentService test...
✓ Test data created: Booking BK-00065558
Testing debit card payment...
=== EMAIL ===
To: payment1764264593035@test.com
Subject: Booking Confirmation
Body:
Dear Payment User,

Your booking has been confirmed!

Booking ID: BK-00065558
Flight: PAY1764264593035
From: Vancouver
To: Toronto
Departure: 2025-11-28 12:00
Seat: 30C
Class: ECONOMY
Amount Paid: $200.00

Thank you for choosing NoCrash Airlines!

Safe travels!
=============

=== SMS ===
To: +1234567890
Message: Dear Payment User,

Your booking has been confirmed!

Booking ID: BK-00065558
Flight: PAY1764264593035
From: Vancouver
To: Toronto
Departure: 2025-11-28 12:00
S
===========

=== EMAIL ===
To: payment1764264593035@test.com
Subject: Your E-Ticket - BK-00065558
Body:
========== E-TICKET ==========

Booking ID: BK-00065558
Passenger: Payment User
Passport: PY1764264593035

Flight: PAY1764264593035
From: Vancouver
To: Toronto
Departure: 2025-11-28 12:00
Arrival: 2025-11-28 16:00
Gate: E8

Seat: 30C
Class: ECONOMY

Please arrive at the airport at least 2 hours before departure.

NoCrash Airlines
==============================
=============

✓ Debit card payment test passed!
]]></system-out>
  </testcase>
  <testcase name="testProcessPaymentCreditCard" classname="com.nocrashairlines.service.PaymentServiceTest" time="0.106">
    <system-out><![CDATA[Setting up PaymentService test...
✓ Test data created: Booking BK-A32423D8
Testing credit card payment...
=== EMAIL ===
To: payment1764264593142@test.com
Subject: Booking Confirmation
Body:
Dear Payment User,

Your booking has been confirmed!

Booking ID: BK-A32423D8
Flight: PAY1764264593142
From: Vancouver
To: Toronto
Departure: 2025-11-28 12:00
Seat: 29A
Class: ECONOMY
Amount Paid: $200.00

Thank you for choosing NoCrash Airlines!

Safe travels!
=============

=== SMS ===
To: +1234567890
Message: Dear Payment User,

Your booking has been confirmed!

Booking ID: BK-A32423D8
Flight: PAY1764264593142
From: Vancouver
To: Toronto
Departure: 2025-11-28 12:00
S
===========

=== EMAIL ===
To: payment1764264593142@test.com
Subject: Your E-Ticket - BK-A32423D8
Body:
========== E-TICKET ==========

Booking ID: BK-A32423D8
Passenger: Payment User
Passport: PY1764264593142

Flight: PAY1764264593142
From: Vancouver
To: Toronto
Departure: 2025-11-28 12:00
Arrival: 2025-11-28 16:00
Gate: E8

Seat: 29A
Class: ECONOMY

Please arrive at the airport at least 2 hours before departure.

NoCrash Airlines
==============================
=============

✓ Credit card payment test passed!
]]></system-out>
  </testcase>
  <testcase name="testGetPaymentByBookingId" classname="com.nocrashairlines.service.PaymentServiceTest" time="0.107">
    <system-out><![CDATA[Setting up PaymentService test...
✓ Test data created: Booking BK-6BDF6AD1
Testing get payment by booking ID...
=== EMAIL ===
To: payment1764264593249@test.com
Subject: Booking Confirmation
Body:
Dear Payment User,

Your booking has been confirmed!

Booking ID: BK-6BDF6AD1
Flight: PAY1764264593249
From: Vancouver
To: Toronto
Departure: 2025-11-28 12:00
Seat: 29E
Class: ECONOMY
Amount Paid: $200.00

Thank you for choosing NoCrash Airlines!

Safe travels!
=============

=== SMS ===
To: +1234567890
Message: Dear Payment User,

Your booking has been confirmed!

Booking ID: BK-6BDF6AD1
Flight: PAY1764264593249
From: Vancouver
To: Toronto
Departure: 2025-11-28 12:00
S
===========

=== EMAIL ===
To: payment1764264593249@test.com
Subject: Your E-Ticket - BK-6BDF6AD1
Body:
========== E-TICKET ==========

Booking ID: BK-6BDF6AD1
Passenger: Payment User
Passport: PY1764264593249

Flight: PAY1764264593249
From: Vancouver
To: Toronto
Departure: 2025-11-28 12:00
Arrival: 2025-11-28 16:00
Gate: E8

Seat: 29E
Class: ECONOMY

Please arrive at the airport at least 2 hours before departure.

NoCrash Airlines
==============================
=============

✓ Get payment by booking ID test passed!
]]></system-out>
  </testcase>
</testsuite>