<?xml version="1.0" encoding="UTF-8"?>
<testsuite xmlns:xsi="http://www.w3.org/2001/XMLSchema-instance" xsi:noNamespaceSchemaLocation="https://maven.apache.org/surefire/maven-surefire-plugin/xsd/surefire-test-report-3.0.xsd" version="3.0" name="com.nocrashairlines.service.PaymentServiceTest" time="0.428" tests="4" errors="0" skipped="0" failures="0">
  <properties>
[...]
</properties>
  <testcase name="testProcessPaymentInvalidBooking" classname="com.nocrashairlines.service.PaymentServiceTest" time="0.008">
    <system-out><![CDATA[Setting up PaymentService test...
✓ Test data created: Booking BK-A123D952
Testing payment with invalid booking...
✓ Invalid booking payment test passed!
]]></system-out>
  </testcase>
  <testcase name="testProcessRefund" classname="com.nocrashairlines.service.PaymentServiceTest" time="0.21">
    <system-out><![CDATA[Setting up PaymentService test...
✓ Test data created: Booking BK-3F84460E
Testing refund processing...
=== EMAIL ===
To: payment1764265210801@test.com
Subject: Booking Confirmation
Body:
Dear Payment User,

Your booking has been confirmed!

Booking ID: BK-3F84460E
Flight: PAY1764265210801
From: Vancouver
To: Toronto
Departure: 2025-11-28 12:00
Seat: 15B
Class: ECONOMY
Amount Paid: $200.00

Thank you for choosing NoCrash Airlines!

Safe travels!
=============

=== SMS ===
To: +1234567890
Message: Dear Payment User,

Your booking has been confirmed!

Booking ID: BK-3F84460E
Flight: PAY1764265210801
From: Vancouver
To: Toronto
Departure: 2025-11-28 12:00
S
===========

=== EMAIL ===
To: payment1764265210801@test.com
Subject: Your E-Ticket - BK-3F84460E
Body:
========== E-TICKET ==========

Booking ID: BK-3F84460E
Passenger: Payment User
Passport: PY1764265210801

Flight: PAY1764265210801
From: Vancouver
To: Toronto
Departure: 2025-11-28 12:00
Arrival: 2025-11-28 16:00
Gate: E8

Seat: 15B
Class: ECONOMY

Please arrive at the airport at least 2 hours before departure.

NoCrash Airlines
==============================
=============

=== EMAIL ===
To: payment1764265210801@test.com
Subject: Booking Cancelled
Body:
Dear Payment User,

Your booking (ID: BK-3F84460E) has been cancelled.
A refund will be processed according to our refund policy.

Thank you,
NoCrash Airlines
=============

=== SMS ===
To: +1234567890
Message: Dear Payment User,

Your booking (ID: BK-3F84460E) has been cancelled.
A refund will be processed according to our refund policy.

Thank you,
NoCrash Airlines
===========

✓ Refund processing test passed!
]]></system-out>
  </testcase>
  <testcase name="testProcessPaymentCreditCard" classname="com.nocrashairlines.service.PaymentServiceTest" time="0.104">
    <system-out><![CDATA[Setting up PaymentService test...
✓ Test data created: Booking BK-A8BB5817
Testing credit card payment...
=== EMAIL ===
To: payment1764265211012@test.com
Subject: Booking Confirmation
Body:
Dear Payment User,

Your booking has been confirmed!

Booking ID: BK-A8BB5817
Flight: PAY1764265211012
From: Vancouver
To: Toronto
Departure: 2025-11-28 12:00
Seat: 9C
Class: ECONOMY
Amount Paid: $200.00

Thank you for choosing NoCrash Airlines!

Safe travels!
=============

=== SMS ===
To: +1234567890
Message: Dear Payment User,

Your booking has been confirmed!

Booking ID: BK-A8BB5817
Flight: PAY1764265211012
From: Vancouver
To: Toronto
Departure: 2025-11-28 12:00
S
===========

=== EMAIL ===
To: payment1764265211012@test.com
Subject: Your E-Ticket - BK-A8BB5817
Body:
========== E-TICKET ==========

Booking ID: BK-A8BB5817
Passenger: Payment User
Passport: PY1764265211012

Flight: PAY1764265211012
From: Vancouver
To: Toronto
Departure: 2025-11-28 12:00
Arrival: 2025-11-28 16:00
Gate: E8

Seat: 9C
Class: ECONOMY

Please arrive at the airport at least 2 hours before departure.

NoCrash Airlines
==============================
=============

✓ Credit card payment test passed!
]]></system-out>
  </testcase>
  <testcase name="testGetPaymentByBookingId" classname="com.nocrashairlines.service.PaymentServiceTest" time="0.102">
    <system-out><![CDATA[Setting up PaymentService test...
✓ Test data created: Booking BK-DB123275
Testing get payment by booking ID...
=== EMAIL ===
To: payment1764265211116@test.com
Subject: Booking Confirmation
Body:
Dear Payment User,

Your booking has been confirmed!

Booking ID: BK-DB123275
Flight: PAY1764265211116
From: Vancouver
To: Toronto
Departure: 2025-11-28 12:00
Seat: 20A
Class: ECONOMY
Amount Paid: $200.00

Thank you for choosing NoCrash Airlines!

Safe travels!
=============

=== SMS ===
To: +1234567890
Message: Dear Payment User,

Your booking has been confirmed!

Booking ID: BK-DB123275
Flight: PAY1764265211116
From: Vancouver
To: Toronto
Departure: 2025-11-28 12:00
S
===========

=== EMAIL ===
To: payment1764265211116@test.com
Subject: Your E-Ticket - BK-DB123275
Body:
========== E-TICKET ==========

Booking ID: BK-DB123275
Passenger: Payment User
Passport: PY1764265211116

Flight: PAY1764265211116
From: Vancouver
To: Toronto
Departure: 2025-11-28 12:00
Arrival: 2025-11-28 16:00
Gate: E8

Seat: 20A
Class: ECONOMY

Please arrive at the airport at least 2 hours before departure.

NoCrash Airlines
==============================
=============

✓ Get payment by booking ID test passed!
]]></system-out>
  </testcase>
</testsuite>