<?xml version="1.0" encoding="UTF-8"?>
<testsuite xmlns:xsi="http://www.w3.org/2001/XMLSchema-instance" xsi:noNamespaceSchemaLocation="https://maven.apache.org/surefire/maven-surefire-plugin/xsd/surefire-test-report-3.0.xsd" version="3.0" name="com.nocrashairlines.service.BookingServiceTest" time="0.012" tests="5" errors="0" skipped="0" failures="0">
  <properties>
[...]
</properties>
  <testcase name="testGetBookingById" classname="com.nocrashairlines.service.BookingServiceTest" time="0.002">
    <system-out><![CDATA[Setting up BookingService test...
✓ Test data created: Passenger PASS-1764264593358-899, Flight 4fbeba83-7a88-466e-ad86-a688127bc950
Testing get booking by ID...
✓ Get booking by ID test passed!
]]></system-out>
  </testcase>
  <testcase name="testGetBookingByInvalidId" classname="com.nocrashairlines.service.BookingServiceTest" time="0.003">
    <system-out><![CDATA[Setting up BookingService test...
✓ Test data created: Passenger PASS-1764264593361-880, Flight 2af64525-6448-4548-a565-f156e8f57788
Testing get booking by invalid ID...
✓ Invalid booking ID test passed!
]]></system-out>
  </testcase>
  <testcase name="testCancelBooking" classname="com.nocrashairlines.service.BookingServiceTest" time="0.001">
    <system-out><![CDATA[Setting up BookingService test...
✓ Test data created: Passenger PASS-1764264593364-432, Flight e3e63e61-22ab-49e2-835d-64dfd34dd11a
Testing cancel booking...
=== EMAIL ===
To: booking1764264593364@test.com
Subject: Booking Cancelled
Body:
Dear Booking User,

Your booking (ID: BK-DEE6C167) has been cancelled.
A refund will be processed according to our refund policy.

Thank you,
NoCrash Airlines
=============

=== SMS ===
To: +1234567890
Message: Dear Booking User,

Your booking (ID: BK-DEE6C167) has been cancelled.
A refund will be processed according to our refund policy.

Thank you,
NoCrash Airlines
===========

✓ Cancel booking test passed!
]]></system-out>
  </testcase>
  <testcase name="testCreateBooking" classname="com.nocrashairlines.service.BookingServiceTest" time="0.001">
    <system-out><![CDATA[Setting up BookingService test...
✓ Test data created: Passenger PASS-1764264593366-892, Flight d5b38d26-565c-43cc-b8e1-9806fa597d6d
Testing create booking...
✓ Booking created: BK-3F891053
✓ Create booking test passed!
]]></system-out>
  </testcase>
  <testcase name="testCreateBookingInvalidFlight" classname="com.nocrashairlines.service.BookingServiceTest" time="0.001">
    <system-out><![CDATA[Setting up BookingService test...
✓ Test data created: Passenger PASS-1764264593368-921, Flight 47b502dd-e727-475e-88ec-170ac4b4e8ff
Testing create booking with invalid flight...
✓ Invalid flight booking test passed!
]]></system-out>
  </testcase>
</testsuite>