<?xml version="1.0" encoding="UTF-8"?>
<testsuite xmlns:xsi="http://www.w3.org/2001/XMLSchema-instance" xsi:noNamespaceSchemaLocation="https://maven.apache.org/surefire/maven-surefire-plugin/xsd/surefire-test-report-3.0.xsd" version="3.0" name="com.nocrashairlines.service.PaymentServiceTest" time="0.016" tests="5" errors="4" skipped="0" failures="0">
  <properties>
[...]
</properties>
  <testcase name="testProcessPaymentInvalidBooking" classname="com.nocrashairlines.service.PaymentServiceTest" time="0.003">
    <system-out><![CDATA[Setting up PaymentService test...
✓ Test data created: Booking BK-6D6B7737
Testing payment with invalid booking...
✓ Invalid booking payment test passed!
]]></system-out>
  </testcase>
  <testcase name="testProcessRefund" classname="com.nocrashairlines.service.PaymentServiceTest" time="0.002">
    <error message="Email already registered" type="[AUTH_ERROR] AuthenticationException"><![CDATA[[AUTH_ERROR] AuthenticationException: Email already registered (timestamp: 1764201085109)
	at com.nocrashairlines.service.AuthenticationService.registerPassenger(AuthenticationService.java:41)
	at com.nocrashairlines.service.PaymentServiceTest.setUp(PaymentServiceTest.java:35)
	at java.base/java.lang.reflect.Method.invoke(Method.java:565)
	at java.base/java.util.ArrayList.forEach(ArrayList.java:1604)
	at java.base/java.util.ArrayList.forEach(ArrayList.java:1604)
]]></error>
    <system-out><![CDATA[Setting up PaymentService test...
]]></system-out>
  </testcase>
  <testcase name="testProcessPaymentDebitCard" classname="com.nocrashairlines.service.PaymentServiceTest" time="0.001">
    <error message="Email already registered" type="[AUTH_ERROR] AuthenticationException"><![CDATA[[AUTH_ERROR] AuthenticationException: Email already registered (timestamp: 1764201085117)
	at com.nocrashairlines.service.AuthenticationService.registerPassenger(AuthenticationService.java:41)
	at com.nocrashairlines.service.PaymentServiceTest.setUp(PaymentServiceTest.java:35)
	at java.base/java.lang.reflect.Method.invoke(Method.java:565)
	at java.base/java.util.ArrayList.forEach(ArrayList.java:1604)
	at java.base/java.util.ArrayList.forEach(ArrayList.java:1604)
]]></error>
    <system-out><![CDATA[Setting up PaymentService test...
]]></system-out>
  </testcase>
  <testcase name="testProcessPaymentCreditCard" classname="com.nocrashairlines.service.PaymentServiceTest" time="0.001">
    <error message="Email already registered" type="[AUTH_ERROR] AuthenticationException"><![CDATA[[AUTH_ERROR] AuthenticationException: Email already registered (timestamp: 1764201085119)
	at com.nocrashairlines.service.AuthenticationService.registerPassenger(AuthenticationService.java:41)
	at com.nocrashairlines.service.PaymentServiceTest.setUp(PaymentServiceTest.java:35)
	at java.base/java.lang.reflect.Method.invoke(Method.java:565)
	at java.base/java.util.ArrayList.forEach(ArrayList.java:1604)
	at java.base/java.util.ArrayList.forEach(ArrayList.java:1604)
]]></error>
    <system-out><![CDATA[Setting up PaymentService test...
]]></system-out>
  </testcase>
  <testcase name="testGetPaymentByBookingId" classname="com.nocrashairlines.service.PaymentServiceTest" time="0.001">
    <error message="Email already registered" type="[AUTH_ERROR] AuthenticationException"><![CDATA[[AUTH_ERROR] AuthenticationException: Email already registered (timestamp: 1764201085120)
	at com.nocrashairlines.service.AuthenticationService.registerPassenger(AuthenticationService.java:41)
	at com.nocrashairlines.service.PaymentServiceTest.setUp(PaymentServiceTest.java:35)
	at java.base/java.lang.reflect.Method.invoke(Method.java:565)
	at java.base/java.util.ArrayList.forEach(ArrayList.java:1604)
	at java.base/java.util.ArrayList.forEach(ArrayList.java:1604)
]]></error>
    <system-out><![CDATA[Setting up PaymentService test...
]]></system-out>
  </testcase>
</testsuite>